  lecture1.c
  lecture10.c
  lecture2.c
  lecture3.c
C:\Users\littl\Documents\GitHub\CStudy_0610\HelloWorld\lecture10.c(21,21): warning C4244: '초기화 중': 'double'에서 'int'(으)로 변환하면서 데이터가 손실될 수 있습니다.
C:\Users\littl\Documents\GitHub\CStudy_0610\HelloWorld\lecture10.c(25,13): warning C4244: '초기화 중': 'double'에서 'int'(으)로 변환하면서 데이터가 손실될 수 있습니다.
C:\Users\littl\Documents\GitHub\CStudy_0610\HelloWorld\lecture3.c(49,34): warning C4244: '초기화 중': 'int'에서 'float'(으)로 변환하면서 데이터가 손실될 수 있습니다.
  lecture4.c
C:\Users\littl\Documents\GitHub\CStudy_0610\HelloWorld\lecture4.c(39,6): warning C4101: 'num6' :참조되지 않은 지역 변수입니다.
C:\Users\littl\Documents\GitHub\CStudy_0610\HelloWorld\lecture4.c(39,12): warning C4101: 'num7' :참조되지 않은 지역 변수입니다.
  lecture5.c
  lecture6.c
C:\Users\littl\Documents\GitHub\CStudy_0610\HelloWorld\lecture6.c(37,10): warning C4067: 전처리기 지시문 다음에 예기치 않은 토큰이 있습니다. 줄 바꿈 문자가 필요합니다.
C:\Users\littl\Documents\GitHub\CStudy_0610\HelloWorld\lecture6.c(44,6): warning C4305: '=': 'int'에서 'char'(으)로 잘립니다.
  lecture7.c
C:\Users\littl\Documents\GitHub\CStudy_0610\HelloWorld\lecture7.c(14,10): warning C4067: 전처리기 지시문 다음에 예기치 않은 토큰이 있습니다. 줄 바꿈 문자가 필요합니다.
C:\Users\littl\Documents\GitHub\CStudy_0610\HelloWorld\lecture7.c(51,8): warning C4305: '=': 'int'에서 'char'(으)로 잘립니다.
  lecture8.c
C:\Users\littl\Documents\GitHub\CStudy_0610\HelloWorld\lecture8.c(40,10): warning C4067: 전처리기 지시문 다음에 예기치 않은 토큰이 있습니다. 줄 바꿈 문자가 필요합니다.
C:\Users\littl\Documents\GitHub\CStudy_0610\HelloWorld\lecture8.c(74,15): warning C4305: '+=': 'double'에서 'float'(으)로 잘립니다.
C:\Users\littl\Documents\GitHub\CStudy_0610\HelloWorld\lecture8.c(104,18): warning C4552: '<<': 식의 결과가 사용되지 않습니다.
C:\Users\littl\Documents\GitHub\CStudy_0610\HelloWorld\lecture8.c(109,18): warning C4552: '>>': 식의 결과가 사용되지 않습니다.
C:\Users\littl\Documents\GitHub\CStudy_0610\HelloWorld\lecture8.c(122,10): warning C4477: 'scanf_s' : 서식 문자열 '%d'에 'int *' 형식의 인수가 필요하지만 variadic 인수 1의 형식이 'char *'입니다.
  C:\Users\littl\Documents\GitHub\CStudy_0610\HelloWorld\lecture8.c(122,10):
  서식 문자열에서 '%hhd'을(를) 사용하는 것이 좋습니다.
  
  lecture9.c
  main.c
  코드를 생성하고 있습니다...
  HelloWorld.vcxproj -> C:\Users\littl\Documents\GitHub\CStudy_0610\HelloWorld\x64\Debug\HelloWorld.exe
